<?xml version="1.0" encoding="UTF-8"?>
<!-- Generated by org.testng.reporters.JUnitReportReporter -->
<testsuite hostname="DESKTOP-DCFT7UU" failures="0" tests="3" name="pageTestPackage.LoginPageTest" time="15.913" errors="0" timestamp="2022-06-27T23:06:43 EDT" skipped="0">
  <testcase classname="pageTestPackage.LoginPageTest" name="verifyregister" time="4.226"/>
  <system-out/>
  <testcase classname="pageTestPackage.LoginPageTest" name="verifyLoginTitle" time="3.941"/>
  <system-out/>
  <testcase classname="pageTestPackage.LoginPageTest" name="loginTest" time="7.746"/>
  <system-out/>
</testsuite> <!-- pageTestPackage.LoginPageTest -->
