<?xml version="1.0" encoding="UTF-8"?>
<!-- Generated by org.testng.reporters.JUnitReportReporter -->
<testsuite hostname="DESKTOP-DCFT7UU" failures="0" tests="4" name="pageTestPackage.HomePageTest" time="12.187" errors="0" timestamp="2022-06-27T23:05:50 EDT" skipped="0">
  <testcase classname="pageTestPackage.HomePageTest" name="TestTitle" time="3.441"/>
  <system-out/>
  <testcase classname="pageTestPackage.HomePageTest" name="verifyfreestudentTest" time="2.790"/>
  <system-out/>
  <testcase classname="pageTestPackage.HomePageTest" name="verifywbllogoTest" time="2.811"/>
  <system-out/>
  <testcase classname="pageTestPackage.HomePageTest" name="verifyloginTest" time="3.145"/>
  <system-out/>
</testsuite> <!-- pageTestPackage.HomePageTest -->
