<?xml version="1.0" encoding="UTF-8"?>
<!-- Generated by org.testng.reporters.JUnitReportReporter -->
<testsuite hostname="DESKTOP-DCFT7UU" failures="0" tests="3" name="pageTestPackage.LoginPageTest" time="11.026" errors="0" timestamp="2022-06-28T00:01:16 EDT" skipped="0">
  <testcase classname="pageTestPackage.LoginPageTest" name="verifyregister" time="3.229"/>
  <system-out/>
  <testcase classname="pageTestPackage.LoginPageTest" name="verifyLoginTitle" time="4.247"/>
  <system-out/>
  <testcase classname="pageTestPackage.LoginPageTest" name="loginTest" time="3.550"/>
  <system-out/>
</testsuite> <!-- pageTestPackage.LoginPageTest -->
