<?xml version="1.0" encoding="UTF-8"?>
<!-- Generated by org.testng.reporters.JUnitReportReporter -->
<testsuite hostname="DESKTOP-DCFT7UU" failures="0" tests="3" name="pageTestPackage.LandingPageTest" time="21.409" errors="0" timestamp="2022-06-27T23:06:19 EDT" skipped="0">
  <testcase classname="pageTestPackage.LandingPageTest" name="verifyLandingTitle" time="3.740"/>
  <system-out/>
  <testcase classname="pageTestPackage.LandingPageTest" name="verifyHomeBtn" time="4.436"/>
  <system-out/>
  <testcase classname="pageTestPackage.LandingPageTest" name="verifySchBtn" time="13.233"/>
  <system-out/>
</testsuite> <!-- pageTestPackage.LandingPageTest -->
